\BOOKMARK [1][-]{section.1}{Introduction}{}% 1
\BOOKMARK [2][-]{subsection.1.1}{Project Overview}{section.1}% 2
\BOOKMARK [2][-]{subsection.1.2}{Document Overview}{section.1}% 3
\BOOKMARK [2][-]{subsection.1.3}{Document Context}{section.1}% 4
\BOOKMARK [1][-]{section.2}{Anticipated and Unlikely Changes}{}% 5
\BOOKMARK [2][-]{subsection.2.1}{Anticipated Changes}{section.2}% 6
\BOOKMARK [2][-]{subsection.2.2}{Unlikely Changes}{section.2}% 7
\BOOKMARK [1][-]{section.3}{Module Hierarchy}{}% 8
\BOOKMARK [1][-]{section.4}{Connection Between Requirements and Design}{}% 9
\BOOKMARK [1][-]{section.5}{Module Decomposition}{}% 10
\BOOKMARK [2][-]{subsection.5.1}{Hardware Hiding Modules \(M1\)}{section.5}% 11
\BOOKMARK [2][-]{subsection.5.2}{Behaviour-Hiding Module \(M2\)}{section.5}% 12
\BOOKMARK [3][-]{subsubsection.5.2.1}{Game Module \(M4\)}{subsection.5.2}% 13
\BOOKMARK [3][-]{subsubsection.5.2.2}{Game Canvas Module \(M6\)}{subsection.5.2}% 14
\BOOKMARK [3][-]{subsubsection.5.2.3}{Menu Module \(M8\)}{subsection.5.2}% 15
\BOOKMARK [2][-]{subsection.5.3}{Software Decision Module \(M3\)}{section.5}% 16
\BOOKMARK [3][-]{subsubsection.5.3.1}{Ship Module \(M5\)}{subsection.5.3}% 17
\BOOKMARK [3][-]{subsubsection.5.3.2}{Asteroid Module \(M7\)}{subsection.5.3}% 18
\BOOKMARK [3][-]{subsubsection.5.3.3}{Alien Module \(M9\)}{subsection.5.3}% 19
\BOOKMARK [1][-]{section.6}{Traceability Matrix}{}% 20
\BOOKMARK [1][-]{section.7}{Use Hierarchy Between Modules}{}% 21
