This is pdfTeX, Version 3.14159265-2.6-1.40.20 (MiKTeX 2.9.7250 64-bit) (preloaded format=pdflatex 2020.1.19)  12 APR 2021 20:47
entering extended mode
**./ProblemStatement.tex
(ProblemStatement.tex
LaTeX2e <2019-10-01> patch level 3
("C:\Users\maiti\AppData\Local\Programs\MiKTeX 2.9\tex/latex/base\article.cls"
Document Class: article 2019/10/25 v1.4k Standard LaTeX document class
("C:\Users\maiti\AppData\Local\Programs\MiKTeX 2.9\tex/latex/base\size10.clo"
File: size10.clo 2019/10/25 v1.4k Standard LaTeX file (size option)
)
\c@part=\count80
\c@section=\count81
\c@subsection=\count82
\c@subsubsection=\count83
\c@paragraph=\count84
\c@subparagraph=\count85
\c@figure=\count86
\c@table=\count87
\abovecaptionskip=\skip41
\belowcaptionskip=\skip42
\bibindent=\dimen102
) ("C:\Users\maiti\AppData\Local\Programs\MiKTeX 2.9\tex/latex/tools\tabularx.s
ty"
Package: tabularx 2016/02/03 v2.11b `tabularx' package (DPC)
 ("C:\Users\maiti\AppData\Local\Programs\MiKTeX 2.9\tex/latex/tools\array.sty"
Package: array 2019/08/31 v2.4l Tabular extension package (FMi)
\col@sep=\dimen103
\ar@mcellbox=\box27
\extrarowheight=\dimen104
\NC@list=\toks14
\extratabsurround=\skip43
\backup@length=\skip44
\ar@cellbox=\box28
)
\TX@col@width=\dimen105
\TX@old@table=\dimen106
\TX@old@col=\dimen107
\TX@target=\dimen108
\TX@delta=\dimen109
\TX@cols=\count88
\TX@ftn=\toks15
)
("C:\Users\maiti\AppData\Local\Programs\MiKTeX 2.9\tex/latex/booktabs\booktabs.
sty"
Package: booktabs 2020/01/12 v1.61803398 Publication quality tables
\heavyrulewidth=\dimen110
\lightrulewidth=\dimen111
\cmidrulewidth=\dimen112
\belowrulesep=\dimen113
\belowbottomsep=\dimen114
\aboverulesep=\dimen115
\abovetopsep=\dimen116
\cmidrulesep=\dimen117
\cmidrulekern=\dimen118
\defaultaddspace=\dimen119
\@cmidla=\count89
\@cmidlb=\count90
\@aboverulesep=\dimen120
\@belowrulesep=\dimen121
\@thisruleclass=\count91
\@lastruleclass=\count92
\@thisrulewidth=\dimen122
)
("C:\Users\maiti\AppData\Local\Programs\MiKTeX 2.9\tex/latex/graphics\color.sty
"
Package: color 2016/07/10 v1.1e Standard LaTeX Color (DPC)

("C:\Users\maiti\AppData\Local\Programs\MiKTeX 2.9\tex/latex/graphics-cfg\color
.cfg"
File: color.cfg 2016/01/02 v1.6 sample color configuration
)
Package color Info: Driver file: pdftex.def on input line 147.

("C:\Users\maiti\AppData\Local\Programs\MiKTeX 2.9\tex/latex/graphics-def\pdfte
x.def"
File: pdftex.def 2018/01/08 v1.0l Graphics/color driver for pdftex
))
("C:\Users\maiti\AppData\Local\Programs\MiKTeX 2.9\tex/latex/ulem\ulem.sty"
\UL@box=\box29
\UL@hyphenbox=\box30
\UL@skip=\skip45
\UL@hook=\toks16
\UL@height=\dimen123
\UL@pe=\count93
\UL@pixel=\dimen124
\ULC@box=\box31
Package: ulem 2019/11/18
\ULdepth=\dimen125
)
(ProblemStatement.aux)
\openout1 = `ProblemStatement.aux'.

LaTeX Font Info:    Checking defaults for OML/cmm/m/it on input line 19.
LaTeX Font Info:    ... okay on input line 19.
LaTeX Font Info:    Checking defaults for T1/cmr/m/n on input line 19.
LaTeX Font Info:    ... okay on input line 19.
LaTeX Font Info:    Checking defaults for OT1/cmr/m/n on input line 19.
LaTeX Font Info:    ... okay on input line 19.
LaTeX Font Info:    Checking defaults for OMS/cmsy/m/n on input line 19.
LaTeX Font Info:    ... okay on input line 19.
LaTeX Font Info:    Checking defaults for OMX/cmex/m/n on input line 19.
LaTeX Font Info:    ... okay on input line 19.
LaTeX Font Info:    Checking defaults for U/cmr/m/n on input line 19.
LaTeX Font Info:    ... okay on input line 19.

("C:\Users\maiti\AppData\Local\Programs\MiKTeX 2.9\tex/context/base/mkii\supp-p
df.mkii"
[Loading MPS to PDF converter (version 2006.09.02).]
\scratchcounter=\count94
\scratchdimen=\dimen126
\scratchbox=\box32
\nofMPsegments=\count95
\nofMParguments=\count96
\everyMPshowfont=\toks17
\MPscratchCnt=\count97
\MPscratchDim=\dimen127
\MPnumerator=\count98
\makeMPintoPDFobject=\count99
\everyMPtoPDFconversion=\toks18
)
LaTeX Font Info:    External font `cmex10' loaded for size
(Font)              <12> on input line 23.
LaTeX Font Info:    External font `cmex10' loaded for size
(Font)              <8> on input line 23.
LaTeX Font Info:    External font `cmex10' loaded for size
(Font)              <6> on input line 23.
 [1

{C:/Users/maiti/AppData/Local/MiKTeX/2.9/pdftex/config/pdftex.map}]
[2] (ProblemStatement.aux) ) 
Here is how much of TeX's memory you used:
 1003 strings out of 492482
 13247 string characters out of 3121575
 77659 words of memory out of 3000000
 5393 multiletter control sequences out of 15000+200000
 8001 words of font info for 29 fonts, out of 3000000 for 9000
 1141 hyphenation exceptions out of 8191
 25i,10n,21p,754b,270s stack positions out of 5000i,500n,10000p,200000b,50000s
<C:/Users/maiti/AppData/Local/Programs/MiKTeX 2.9/f
onts/type1/public/amsfonts/cm/cmbx10.pfb><C:/Users/maiti/AppData/Local/Programs
/MiKTeX 2.9/fonts/type1/public/amsfonts/cm/cmbx12.pfb><C:/Users/maiti/AppData/L
ocal/Programs/MiKTeX 2.9/fonts/type1/public/amsfonts/cm/cmr10.pfb><C:/Users/mai
ti/AppData/Local/Programs/MiKTeX 2.9/fonts/type1/public/amsfonts/cm/cmr12.pfb><
C:/Users/maiti/AppData/Local/Programs/MiKTeX 2.9/fonts/type1/public/amsfonts/cm
/cmr17.pfb>
Output written on ProblemStatement.pdf (2 pages, 75726 bytes).
PDF statistics:
 29 PDF objects out of 1000 (max. 8388607)
 0 named destinations out of 1000 (max. 500000)
 1 words of extra memory for PDF output out of 10000 (max. 10000000)

