\BOOKMARK [1][-]{section.1}{Project Drivers}{}% 1
\BOOKMARK [2][-]{subsection.1.1}{The Purpose of the Project}{section.1}% 2
\BOOKMARK [2][-]{subsection.1.2}{The Stakeholders}{section.1}% 3
\BOOKMARK [3][-]{subsubsection.1.2.1}{The Client}{subsection.1.2}% 4
\BOOKMARK [3][-]{subsubsection.1.2.2}{The Customers}{subsection.1.2}% 5
\BOOKMARK [3][-]{subsubsection.1.2.3}{Other Stakeholders}{subsection.1.2}% 6
\BOOKMARK [2][-]{subsection.1.3}{Mandated Constraints}{section.1}% 7
\BOOKMARK [3][-]{subsubsection.1.3.1}{Time Constraint}{subsection.1.3}% 8
\BOOKMARK [3][-]{subsubsection.1.3.2}{Cost Constraint}{subsection.1.3}% 9
\BOOKMARK [3][-]{subsubsection.1.3.3}{Product Constraint}{subsection.1.3}% 10
\BOOKMARK [3][-]{subsubsection.1.3.4}{Knowledge Constraint}{subsection.1.3}% 11
\BOOKMARK [2][-]{subsection.1.4}{Naming Conventions and Terminology}{section.1}% 12
\BOOKMARK [3][-]{subsubsection.1.4.1}{JavaScript}{subsection.1.4}% 13
\BOOKMARK [3][-]{subsubsection.1.4.2}{HTML}{subsection.1.4}% 14
\BOOKMARK [3][-]{subsubsection.1.4.3}{CSS}{subsection.1.4}% 15
\BOOKMARK [3][-]{subsubsection.1.4.4}{Node.js}{subsection.1.4}% 16
\BOOKMARK [3][-]{subsubsection.1.4.5}{JSON}{subsection.1.4}% 17
\BOOKMARK [2][-]{subsection.1.5}{Relevant Facts and Assumptions}{section.1}% 18
\BOOKMARK [1][-]{section.2}{Functional Requirements}{}% 19
\BOOKMARK [2][-]{subsection.2.1}{The Scope of the Work and the Product}{section.2}% 20
\BOOKMARK [3][-]{subsubsection.2.1.1}{The Context of the Work}{subsection.2.1}% 21
\BOOKMARK [3][-]{subsubsection.2.1.2}{Work Partitioning}{subsection.2.1}% 22
\BOOKMARK [3][-]{subsubsection.2.1.3}{Individual Product Use Cases}{subsection.2.1}% 23
\BOOKMARK [2][-]{subsection.2.2}{Functional Requirements}{section.2}% 24
\BOOKMARK [1][-]{section.3}{Non-functional Requirements}{}% 25
\BOOKMARK [2][-]{subsection.3.1}{Look and Feel Requirements}{section.3}% 26
\BOOKMARK [2][-]{subsection.3.2}{Usability and Humanity Requirements}{section.3}% 27
\BOOKMARK [2][-]{subsection.3.3}{Performance Requirements}{section.3}% 28
\BOOKMARK [2][-]{subsection.3.4}{Operational and Environmental Requirements}{section.3}% 29
\BOOKMARK [2][-]{subsection.3.5}{Maintainability and Support Requirements}{section.3}% 30
\BOOKMARK [2][-]{subsection.3.6}{Security Requirements}{section.3}% 31
\BOOKMARK [2][-]{subsection.3.7}{Cultural Requirements}{section.3}% 32
\BOOKMARK [2][-]{subsection.3.8}{Legal Requirements}{section.3}% 33
\BOOKMARK [2][-]{subsection.3.9}{Health and Safety Requirements}{section.3}% 34
\BOOKMARK [1][-]{section.4}{Project Issues}{}% 35
\BOOKMARK [2][-]{subsection.4.1}{Open Issues}{section.4}% 36
\BOOKMARK [2][-]{subsection.4.2}{Off-the-Shelf Solutions}{section.4}% 37
\BOOKMARK [3][-]{subsubsection.4.2.1}{Existing Products}{subsection.4.2}% 38
\BOOKMARK [2][-]{subsection.4.3}{New Problems}{section.4}% 39
\BOOKMARK [3][-]{subsubsection.4.3.1}{Problems in System}{subsection.4.3}% 40
\BOOKMARK [3][-]{subsubsection.4.3.2}{Problems in Compiling Environment}{subsection.4.3}% 41
\BOOKMARK [2][-]{subsection.4.4}{Tasks}{section.4}% 42
\BOOKMARK [2][-]{subsection.4.5}{Migration to the New Product}{section.4}% 43
\BOOKMARK [2][-]{subsection.4.6}{Risks}{section.4}% 44
\BOOKMARK [2][-]{subsection.4.7}{Costs}{section.4}% 45
\BOOKMARK [2][-]{subsection.4.8}{User Documentation and Training}{section.4}% 46
\BOOKMARK [2][-]{subsection.4.9}{Waiting Room}{section.4}% 47
\BOOKMARK [2][-]{subsection.4.10}{Ideas for Solutions}{section.4}% 48
\BOOKMARK [1][-]{section.5}{Appendix}{}% 49
\BOOKMARK [2][-]{subsection.5.1}{Symbolic Parameters}{section.5}% 50
